Analysis & Synthesis report for bo
Wed Jan 26 12:03:26 2022
Quartus II 64-Bit Version 13.0.1 Build 232 06/12/2013 Service Pack 1 SJ Web Edition


---------------------
; Table of Contents ;
---------------------
  1. Legal Notice
  2. Analysis & Synthesis Summary
  3. Analysis & Synthesis Settings
  4. Parallel Compilation
  5. Analysis & Synthesis Source Files Read
  6. Analysis & Synthesis Resource Usage Summary
  7. Analysis & Synthesis Resource Utilization by Entity
  8. User-Specified and Inferred Latches
  9. Registers Removed During Synthesis
 10. Removed Registers Triggering Further Register Optimizations
 11. General Register Statistics
 12. Multiplexer Restructuring Statistics (Restructuring Performed)
 13. Parameter Settings for User Entity Instance: Top-level Entity: |bo
 14. Parameter Settings for User Entity Instance: registrador:regA
 15. Parameter Settings for User Entity Instance: mux2para1:muxB
 16. Parameter Settings for User Entity Instance: registrador:regB
 17. Parameter Settings for User Entity Instance: checa_potencia:quantosZero
 18. Parameter Settings for User Entity Instance: mux2para1:muxMult
 19. Parameter Settings for User Entity Instance: registrador:regMult
 20. Parameter Settings for User Entity Instance: mux2para1:muxsoma1
 21. Parameter Settings for User Entity Instance: mux2para1:muxsoma2
 22. Parameter Settings for User Entity Instance: somadorsubtrator:somasub
 23. Parameter Settings for User Entity Instance: somadorsubtrator:somasub|somador:SUM
 24. Parameter Settings for User Entity Instance: igualazero:geraAz
 25. Parameter Settings for User Entity Instance: igualazero:geraBz
 26. Port Connectivity Checks: "somadorsubtrator:somasub|somador:SUM"
 27. Port Connectivity Checks: "mux2para1:muxMult"
 28. Port Connectivity Checks: "mux2para1:muxB"
 29. Port Connectivity Checks: "registrador:regA"
 30. Elapsed Time Per Partition
 31. Analysis & Synthesis Messages



----------------
; Legal Notice ;
----------------
Copyright (C) 1991-2013 Altera Corporation
Your use of Altera Corporation's design tools, logic functions 
and other software and tools, and its AMPP partner logic 
functions, and any output files from any of the foregoing 
(including device programming or simulation files), and any 
associated documentation or information are expressly subject 
to the terms and conditions of the Altera Program License 
Subscription Agreement, Altera MegaCore Function License 
Agreement, or other applicable license agreement, including, 
without limitation, that your use is for the sole purpose of 
programming logic devices manufactured by Altera and sold by 
Altera or its authorized distributors.  Please refer to the 
applicable agreement for further details.



+--------------------------------------------------------------------------------------+
; Analysis & Synthesis Summary                                                         ;
+------------------------------------+-------------------------------------------------+
; Analysis & Synthesis Status        ; Successful - Wed Jan 26 12:03:26 2022           ;
; Quartus II 64-Bit Version          ; 13.0.1 Build 232 06/12/2013 SP 1 SJ Web Edition ;
; Revision Name                      ; bo                                              ;
; Top-level Entity Name              ; bo                                              ;
; Family                             ; Cyclone II                                      ;
; Total logic elements               ; 78                                              ;
;     Total combinational functions  ; 74                                              ;
;     Dedicated logic registers      ; 12                                              ;
; Total registers                    ; 12                                              ;
; Total pins                         ; 25                                              ;
; Total virtual pins                 ; 0                                               ;
; Total memory bits                  ; 0                                               ;
; Embedded Multiplier 9-bit elements ; 0                                               ;
; Total PLLs                         ; 0                                               ;
+------------------------------------+-------------------------------------------------+


+----------------------------------------------------------------------------------------------------------------------+
; Analysis & Synthesis Settings                                                                                        ;
+----------------------------------------------------------------------------+--------------------+--------------------+
; Option                                                                     ; Setting            ; Default Value      ;
+----------------------------------------------------------------------------+--------------------+--------------------+
; Device                                                                     ; EP2C35F672C6       ;                    ;
; Top-level entity name                                                      ; bo                 ; bo                 ;
; Family name                                                                ; Cyclone II         ; Cyclone IV GX      ;
; Use smart compilation                                                      ; Off                ; Off                ;
; Enable parallel Assembler and TimeQuest Timing Analyzer during compilation ; On                 ; On                 ;
; Enable compact report table                                                ; Off                ; Off                ;
; Restructure Multiplexers                                                   ; Auto               ; Auto               ;
; Create Debugging Nodes for IP Cores                                        ; Off                ; Off                ;
; Preserve fewer node names                                                  ; On                 ; On                 ;
; Disable OpenCore Plus hardware evaluation                                  ; Off                ; Off                ;
; Verilog Version                                                            ; Verilog_2001       ; Verilog_2001       ;
; VHDL Version                                                               ; VHDL_1993          ; VHDL_1993          ;
; State Machine Processing                                                   ; Auto               ; Auto               ;
; Safe State Machine                                                         ; Off                ; Off                ;
; Extract Verilog State Machines                                             ; On                 ; On                 ;
; Extract VHDL State Machines                                                ; On                 ; On                 ;
; Ignore Verilog initial constructs                                          ; Off                ; Off                ;
; Iteration limit for constant Verilog loops                                 ; 5000               ; 5000               ;
; Iteration limit for non-constant Verilog loops                             ; 250                ; 250                ;
; Add Pass-Through Logic to Inferred RAMs                                    ; On                 ; On                 ;
; Infer RAMs from Raw Logic                                                  ; On                 ; On                 ;
; Parallel Synthesis                                                         ; On                 ; On                 ;
; DSP Block Balancing                                                        ; Auto               ; Auto               ;
; NOT Gate Push-Back                                                         ; On                 ; On                 ;
; Power-Up Don't Care                                                        ; On                 ; On                 ;
; Remove Redundant Logic Cells                                               ; Off                ; Off                ;
; Remove Duplicate Registers                                                 ; On                 ; On                 ;
; Ignore CARRY Buffers                                                       ; Off                ; Off                ;
; Ignore CASCADE Buffers                                                     ; Off                ; Off                ;
; Ignore GLOBAL Buffers                                                      ; Off                ; Off                ;
; Ignore ROW GLOBAL Buffers                                                  ; Off                ; Off                ;
; Ignore LCELL Buffers                                                       ; Off                ; Off                ;
; Ignore SOFT Buffers                                                        ; On                 ; On                 ;
; Limit AHDL Integers to 32 Bits                                             ; Off                ; Off                ;
; Optimization Technique                                                     ; Balanced           ; Balanced           ;
; Carry Chain Length                                                         ; 70                 ; 70                 ;
; Auto Carry Chains                                                          ; On                 ; On                 ;
; Auto Open-Drain Pins                                                       ; On                 ; On                 ;
; Perform WYSIWYG Primitive Resynthesis                                      ; Off                ; Off                ;
; Auto ROM Replacement                                                       ; On                 ; On                 ;
; Auto RAM Replacement                                                       ; On                 ; On                 ;
; Auto Shift Register Replacement                                            ; Auto               ; Auto               ;
; Allow Shift Register Merging across Hierarchies                            ; Auto               ; Auto               ;
; Auto Clock Enable Replacement                                              ; On                 ; On                 ;
; Strict RAM Replacement                                                     ; Off                ; Off                ;
; Allow Synchronous Control Signals                                          ; On                 ; On                 ;
; Force Use of Synchronous Clear Signals                                     ; Off                ; Off                ;
; Auto RAM to Logic Cell Conversion                                          ; Off                ; Off                ;
; Auto Resource Sharing                                                      ; Off                ; Off                ;
; Allow Any RAM Size For Recognition                                         ; Off                ; Off                ;
; Allow Any ROM Size For Recognition                                         ; Off                ; Off                ;
; Allow Any Shift Register Size For Recognition                              ; Off                ; Off                ;
; Use LogicLock Constraints during Resource Balancing                        ; On                 ; On                 ;
; Ignore translate_off and synthesis_off directives                          ; Off                ; Off                ;
; Timing-Driven Synthesis                                                    ; Off                ; Off                ;
; Report Parameter Settings                                                  ; On                 ; On                 ;
; Report Source Assignments                                                  ; On                 ; On                 ;
; Report Connectivity Checks                                                 ; On                 ; On                 ;
; Ignore Maximum Fan-Out Assignments                                         ; Off                ; Off                ;
; Synchronization Register Chain Length                                      ; 2                  ; 2                  ;
; PowerPlay Power Optimization                                               ; Normal compilation ; Normal compilation ;
; HDL message level                                                          ; Level2             ; Level2             ;
; Suppress Register Optimization Related Messages                            ; Off                ; Off                ;
; Number of Removed Registers Reported in Synthesis Report                   ; 5000               ; 5000               ;
; Number of Swept Nodes Reported in Synthesis Report                         ; 5000               ; 5000               ;
; Number of Inverted Registers Reported in Synthesis Report                  ; 100                ; 100                ;
; Clock MUX Protection                                                       ; On                 ; On                 ;
; Auto Gated Clock Conversion                                                ; Off                ; Off                ;
; Block Design Naming                                                        ; Auto               ; Auto               ;
; SDC constraint protection                                                  ; Off                ; Off                ;
; Synthesis Effort                                                           ; Auto               ; Auto               ;
; Shift Register Replacement - Allow Asynchronous Clear Signal               ; On                 ; On                 ;
; Pre-Mapping Resynthesis Optimization                                       ; Off                ; Off                ;
; Analysis & Synthesis Message Level                                         ; Medium             ; Medium             ;
; Disable Register Merging Across Hierarchies                                ; Auto               ; Auto               ;
; Resource Aware Inference For Block RAM                                     ; On                 ; On                 ;
; Synthesis Seed                                                             ; 1                  ; 1                  ;
+----------------------------------------------------------------------------+--------------------+--------------------+


Parallel compilation was disabled, but you have multiple processors available. Enable parallel compilation to reduce compilation time.
+-------------------------------------+
; Parallel Compilation                ;
+----------------------------+--------+
; Processors                 ; Number ;
+----------------------------+--------+
; Number detected on machine ; 8      ;
; Maximum allowed            ; 1      ;
+----------------------------+--------+


+-------------------------------------------------------------------------------------------------------------------------------------------------------------------------------------------+
; Analysis & Synthesis Source Files Read                                                                                                                                                    ;
+----------------------------------+-----------------+-----------------+----------------------------------------------------------------------------------------------------------+---------+
; File Name with User-Entered Path ; Used in Netlist ; File Type       ; File Name with Absolute Path                                                                             ; Library ;
+----------------------------------+-----------------+-----------------+----------------------------------------------------------------------------------------------------------+---------+
; somadorsubtrator.vhd             ; yes             ; User VHDL File  ; C:/Users/armin/Desktop/Sistemas Digitais/Projetos no Quartus/multiplicador-grupo/BO/somadorsubtrator.vhd ;         ;
; somador.vhd                      ; yes             ; User VHDL File  ; C:/Users/armin/Desktop/Sistemas Digitais/Projetos no Quartus/multiplicador-grupo/BO/somador.vhd          ;         ;
; registrador.vhd                  ; yes             ; User VHDL File  ; C:/Users/armin/Desktop/Sistemas Digitais/Projetos no Quartus/multiplicador-grupo/BO/registrador.vhd      ;         ;
; mux2para1.vhd                    ; yes             ; User VHDL File  ; C:/Users/armin/Desktop/Sistemas Digitais/Projetos no Quartus/multiplicador-grupo/BO/mux2para1.vhd        ;         ;
; igualazero.vhd                   ; yes             ; User VHDL File  ; C:/Users/armin/Desktop/Sistemas Digitais/Projetos no Quartus/multiplicador-grupo/BO/igualazero.vhd       ;         ;
; fulladder.vhd                    ; yes             ; User VHDL File  ; C:/Users/armin/Desktop/Sistemas Digitais/Projetos no Quartus/multiplicador-grupo/BO/fulladder.vhd        ;         ;
; checa_potencia.vhd               ; yes             ; User VHDL File  ; C:/Users/armin/Desktop/Sistemas Digitais/Projetos no Quartus/multiplicador-grupo/BO/checa_potencia.vhd   ;         ;
; bo.vhd                           ; yes             ; User VHDL File  ; C:/Users/armin/Desktop/Sistemas Digitais/Projetos no Quartus/multiplicador-grupo/BO/bo.vhd               ;         ;
+----------------------------------+-----------------+-----------------+----------------------------------------------------------------------------------------------------------+---------+


+-----------------------------------------------------+
; Analysis & Synthesis Resource Usage Summary         ;
+---------------------------------------------+-------+
; Resource                                    ; Usage ;
+---------------------------------------------+-------+
; Estimated Total logic elements              ; 78    ;
;                                             ;       ;
; Total combinational functions               ; 74    ;
; Logic element usage by number of LUT inputs ;       ;
;     -- 4 input functions                    ; 39    ;
;     -- 3 input functions                    ; 22    ;
;     -- <=2 input functions                  ; 13    ;
;                                             ;       ;
; Logic elements by mode                      ;       ;
;     -- normal mode                          ; 67    ;
;     -- arithmetic mode                      ; 7     ;
;                                             ;       ;
; Total registers                             ; 12    ;
;     -- Dedicated logic registers            ; 12    ;
;     -- I/O registers                        ; 0     ;
;                                             ;       ;
; I/O pins                                    ; 25    ;
; Embedded Multiplier 9-bit elements          ; 0     ;
; Maximum fan-out node                        ; op    ;
; Maximum fan-out                             ; 33    ;
; Total fan-out                               ; 295   ;
; Average fan-out                             ; 2.66  ;
+---------------------------------------------+-------+


+---------------------------------------------------------------------------------------------------------------------------------------------------------------------------------------------------------------------------+
; Analysis & Synthesis Resource Utilization by Entity                                                                                                                                                                       ;
+---------------------------------+-------------------+--------------+-------------+--------------+---------+-----------+------+--------------+--------------------------------------------------------------+--------------+
; Compilation Hierarchy Node      ; LC Combinationals ; LC Registers ; Memory Bits ; DSP Elements ; DSP 9x9 ; DSP 18x18 ; Pins ; Virtual Pins ; Full Hierarchy Name                                          ; Library Name ;
+---------------------------------+-------------------+--------------+-------------+--------------+---------+-----------+------+--------------+--------------------------------------------------------------+--------------+
; |bo                             ; 74 (2)            ; 12 (0)       ; 0           ; 0            ; 0       ; 0         ; 25   ; 0            ; |bo                                                          ; work         ;
;    |checa_potencia:quantosZero| ; 7 (7)             ; 0 (0)        ; 0           ; 0            ; 0       ; 0         ; 0    ; 0            ; |bo|checa_potencia:quantosZero                               ; work         ;
;    |igualazero:geraAz|          ; 1 (1)             ; 0 (0)        ; 0           ; 0            ; 0       ; 0         ; 0    ; 0            ; |bo|igualazero:geraAz                                        ; work         ;
;    |igualazero:geraBz|          ; 3 (3)             ; 0 (0)        ; 0           ; 0            ; 0       ; 0         ; 0    ; 0            ; |bo|igualazero:geraBz                                        ; work         ;
;    |mux2para1:muxsoma1|         ; 8 (8)             ; 0 (0)        ; 0           ; 0            ; 0       ; 0         ; 0    ; 0            ; |bo|mux2para1:muxsoma1                                       ; work         ;
;    |mux2para1:muxsoma2|         ; 21 (21)           ; 0 (0)        ; 0           ; 0            ; 0       ; 0         ; 0    ; 0            ; |bo|mux2para1:muxsoma2                                       ; work         ;
;    |registrador:regA|           ; 0 (0)             ; 4 (4)        ; 0           ; 0            ; 0       ; 0         ; 0    ; 0            ; |bo|registrador:regA                                         ; work         ;
;    |registrador:regB|           ; 4 (4)             ; 8 (8)        ; 0           ; 0            ; 0       ; 0         ; 0    ; 0            ; |bo|registrador:regB                                         ; work         ;
;    |somadorsubtrator:somasub|   ; 28 (13)           ; 0 (0)        ; 0           ; 0            ; 0       ; 0         ; 0    ; 0            ; |bo|somadorsubtrator:somasub                                 ; work         ;
;       |somador:SUM|             ; 15 (0)            ; 0 (0)        ; 0           ; 0            ; 0       ; 0         ; 0    ; 0            ; |bo|somadorsubtrator:somasub|somador:SUM                     ; work         ;
;          |fulladder:\FA:0:FAi|  ; 1 (1)             ; 0 (0)        ; 0           ; 0            ; 0       ; 0         ; 0    ; 0            ; |bo|somadorsubtrator:somasub|somador:SUM|fulladder:\FA:0:FAi ; work         ;
;          |fulladder:\FA:1:FAi|  ; 2 (2)             ; 0 (0)        ; 0           ; 0            ; 0       ; 0         ; 0    ; 0            ; |bo|somadorsubtrator:somasub|somador:SUM|fulladder:\FA:1:FAi ; work         ;
;          |fulladder:\FA:2:FAi|  ; 2 (2)             ; 0 (0)        ; 0           ; 0            ; 0       ; 0         ; 0    ; 0            ; |bo|somadorsubtrator:somasub|somador:SUM|fulladder:\FA:2:FAi ; work         ;
;          |fulladder:\FA:3:FAi|  ; 1 (1)             ; 0 (0)        ; 0           ; 0            ; 0       ; 0         ; 0    ; 0            ; |bo|somadorsubtrator:somasub|somador:SUM|fulladder:\FA:3:FAi ; work         ;
;          |fulladder:\FA:4:FAi|  ; 4 (4)             ; 0 (0)        ; 0           ; 0            ; 0       ; 0         ; 0    ; 0            ; |bo|somadorsubtrator:somasub|somador:SUM|fulladder:\FA:4:FAi ; work         ;
;          |fulladder:\FA:5:FAi|  ; 2 (2)             ; 0 (0)        ; 0           ; 0            ; 0       ; 0         ; 0    ; 0            ; |bo|somadorsubtrator:somasub|somador:SUM|fulladder:\FA:5:FAi ; work         ;
;          |fulladder:\FA:6:FAi|  ; 1 (1)             ; 0 (0)        ; 0           ; 0            ; 0       ; 0         ; 0    ; 0            ; |bo|somadorsubtrator:somasub|somador:SUM|fulladder:\FA:6:FAi ; work         ;
;          |fulladder:\FA:7:FAi|  ; 2 (2)             ; 0 (0)        ; 0           ; 0            ; 0       ; 0         ; 0    ; 0            ; |bo|somadorsubtrator:somasub|somador:SUM|fulladder:\FA:7:FAi ; work         ;
+---------------------------------+-------------------+--------------+-------------+--------------+---------+-----------+------+--------------+--------------------------------------------------------------+--------------+
Note: For table entries with two numbers listed, the numbers in parentheses indicate the number of resources of the given type used by the specific entity alone. The numbers listed outside of parentheses indicate the total resources of the given type used by the specific entity and all of its sub-entities in the hierarchy.


+--------------------------------------------------------------------------------------------------------------------+
; User-Specified and Inferred Latches                                                                                ;
+----------------------------------------------------+--------------------------------------+------------------------+
; Latch Name                                         ; Latch Enable Signal                  ; Free of Timing Hazards ;
+----------------------------------------------------+--------------------------------------+------------------------+
; checa_potencia:quantosZero|posicao[2]              ; checa_potencia:quantosZero|process_0 ; yes                    ;
; checa_potencia:quantosZero|posicao[1]              ; checa_potencia:quantosZero|process_0 ; yes                    ;
; checa_potencia:quantosZero|posicao[0]              ; checa_potencia:quantosZero|process_0 ; yes                    ;
; Number of user-specified and inferred latches = 3  ;                                      ;                        ;
+----------------------------------------------------+--------------------------------------+------------------------+
Note: All latches listed above may not be present at the end of synthesis due to various synthesis optimizations.


+---------------------------------------------------------------------------------+
; Registers Removed During Synthesis                                              ;
+----------------------------------------+----------------------------------------+
; Register name                          ; Reason for Removal                     ;
+----------------------------------------+----------------------------------------+
; registrador:regA|q[4..7]               ; Stuck at GND due to stuck port data_in ;
; registrador:regMult|q[0..7]            ; Stuck at GND due to stuck port data_in ;
; Total Number of Removed Registers = 12 ;                                        ;
+----------------------------------------+----------------------------------------+


+-----------------------------------------------------------------------------------------------------------------------------------+
; Removed Registers Triggering Further Register Optimizations                                                                       ;
+-----------------------+---------------------------+-------------------------------------------------------------------------------+
; Register name         ; Reason for Removal        ; Registers Removed due to This Register                                        ;
+-----------------------+---------------------------+-------------------------------------------------------------------------------+
; registrador:regA|q[4] ; Stuck at GND              ; registrador:regMult|q[7], registrador:regMult|q[6], registrador:regMult|q[5], ;
;                       ; due to stuck port data_in ; registrador:regMult|q[4], registrador:regMult|q[3]                            ;
+-----------------------+---------------------------+-------------------------------------------------------------------------------+


+------------------------------------------------------+
; General Register Statistics                          ;
+----------------------------------------------+-------+
; Statistic                                    ; Value ;
+----------------------------------------------+-------+
; Total registers                              ; 12    ;
; Number of registers using Synchronous Clear  ; 0     ;
; Number of registers using Synchronous Load   ; 4     ;
; Number of registers using Asynchronous Clear ; 0     ;
; Number of registers using Asynchronous Load  ; 0     ;
; Number of registers using Clock Enable       ; 12    ;
; Number of registers using Preset             ; 0     ;
+----------------------------------------------+-------+


+-------------------------------------------------------------------------------------------------------------------------------------------+
; Multiplexer Restructuring Statistics (Restructuring Performed)                                                                            ;
+--------------------+-----------+---------------+----------------------+------------------------+------------+-----------------------------+
; Multiplexer Inputs ; Bus Width ; Baseline Area ; Area if Restructured ; Saving if Restructured ; Registered ; Example Multiplexer Output  ;
+--------------------+-----------+---------------+----------------------+------------------------+------------+-----------------------------+
; 4:1                ; 4 bits    ; 8 LEs         ; 8 LEs                ; 0 LEs                  ; No         ; |bo|mux2para1:muxsoma2|y[2] ;
; 5:1                ; 2 bits    ; 6 LEs         ; 6 LEs                ; 0 LEs                  ; No         ; |bo|mux2para1:muxsoma2|y[5] ;
+--------------------+-----------+---------------+----------------------+------------------------+------------+-----------------------------+


+--------------------------------------------------------------------+
; Parameter Settings for User Entity Instance: Top-level Entity: |bo ;
+----------------+-------+-------------------------------------------+
; Parameter Name ; Value ; Type                                      ;
+----------------+-------+-------------------------------------------+
; N              ; 4     ; Signed Integer                            ;
+----------------+-------+-------------------------------------------+
Note: In order to hide this table in the UI and the text report file, please set the "Show Parameter Settings in Synthesis Report" option in "Analysis and Synthesis Settings -> More Settings" to "Off".


+---------------------------------------------------------------+
; Parameter Settings for User Entity Instance: registrador:regA ;
+----------------+-------+--------------------------------------+
; Parameter Name ; Value ; Type                                 ;
+----------------+-------+--------------------------------------+
; n              ; 8     ; Signed Integer                       ;
+----------------+-------+--------------------------------------+
Note: In order to hide this table in the UI and the text report file, please set the "Show Parameter Settings in Synthesis Report" option in "Analysis and Synthesis Settings -> More Settings" to "Off".


+-------------------------------------------------------------+
; Parameter Settings for User Entity Instance: mux2para1:muxB ;
+----------------+-------+------------------------------------+
; Parameter Name ; Value ; Type                               ;
+----------------+-------+------------------------------------+
; n              ; 8     ; Signed Integer                     ;
+----------------+-------+------------------------------------+
Note: In order to hide this table in the UI and the text report file, please set the "Show Parameter Settings in Synthesis Report" option in "Analysis and Synthesis Settings -> More Settings" to "Off".


+---------------------------------------------------------------+
; Parameter Settings for User Entity Instance: registrador:regB ;
+----------------+-------+--------------------------------------+
; Parameter Name ; Value ; Type                                 ;
+----------------+-------+--------------------------------------+
; n              ; 8     ; Signed Integer                       ;
+----------------+-------+--------------------------------------+
Note: In order to hide this table in the UI and the text report file, please set the "Show Parameter Settings in Synthesis Report" option in "Analysis and Synthesis Settings -> More Settings" to "Off".


+-------------------------------------------------------------------------+
; Parameter Settings for User Entity Instance: checa_potencia:quantosZero ;
+----------------+-------+------------------------------------------------+
; Parameter Name ; Value ; Type                                           ;
+----------------+-------+------------------------------------------------+
; n              ; 8     ; Signed Integer                                 ;
+----------------+-------+------------------------------------------------+
Note: In order to hide this table in the UI and the text report file, please set the "Show Parameter Settings in Synthesis Report" option in "Analysis and Synthesis Settings -> More Settings" to "Off".


+----------------------------------------------------------------+
; Parameter Settings for User Entity Instance: mux2para1:muxMult ;
+----------------+-------+---------------------------------------+
; Parameter Name ; Value ; Type                                  ;
+----------------+-------+---------------------------------------+
; n              ; 8     ; Signed Integer                        ;
+----------------+-------+---------------------------------------+
Note: In order to hide this table in the UI and the text report file, please set the "Show Parameter Settings in Synthesis Report" option in "Analysis and Synthesis Settings -> More Settings" to "Off".


+------------------------------------------------------------------+
; Parameter Settings for User Entity Instance: registrador:regMult ;
+----------------+-------+-----------------------------------------+
; Parameter Name ; Value ; Type                                    ;
+----------------+-------+-----------------------------------------+
; n              ; 8     ; Signed Integer                          ;
+----------------+-------+-----------------------------------------+
Note: In order to hide this table in the UI and the text report file, please set the "Show Parameter Settings in Synthesis Report" option in "Analysis and Synthesis Settings -> More Settings" to "Off".


+-----------------------------------------------------------------+
; Parameter Settings for User Entity Instance: mux2para1:muxsoma1 ;
+----------------+-------+----------------------------------------+
; Parameter Name ; Value ; Type                                   ;
+----------------+-------+----------------------------------------+
; n              ; 8     ; Signed Integer                         ;
+----------------+-------+----------------------------------------+
Note: In order to hide this table in the UI and the text report file, please set the "Show Parameter Settings in Synthesis Report" option in "Analysis and Synthesis Settings -> More Settings" to "Off".


+-----------------------------------------------------------------+
; Parameter Settings for User Entity Instance: mux2para1:muxsoma2 ;
+----------------+-------+----------------------------------------+
; Parameter Name ; Value ; Type                                   ;
+----------------+-------+----------------------------------------+
; n              ; 8     ; Signed Integer                         ;
+----------------+-------+----------------------------------------+
Note: In order to hide this table in the UI and the text report file, please set the "Show Parameter Settings in Synthesis Report" option in "Analysis and Synthesis Settings -> More Settings" to "Off".


+-----------------------------------------------------------------------+
; Parameter Settings for User Entity Instance: somadorsubtrator:somasub ;
+----------------+-------+----------------------------------------------+
; Parameter Name ; Value ; Type                                         ;
+----------------+-------+----------------------------------------------+
; n              ; 8     ; Signed Integer                               ;
+----------------+-------+----------------------------------------------+
Note: In order to hide this table in the UI and the text report file, please set the "Show Parameter Settings in Synthesis Report" option in "Analysis and Synthesis Settings -> More Settings" to "Off".


+-----------------------------------------------------------------------------------+
; Parameter Settings for User Entity Instance: somadorsubtrator:somasub|somador:SUM ;
+----------------+-------+----------------------------------------------------------+
; Parameter Name ; Value ; Type                                                     ;
+----------------+-------+----------------------------------------------------------+
; n              ; 8     ; Signed Integer                                           ;
+----------------+-------+----------------------------------------------------------+
Note: In order to hide this table in the UI and the text report file, please set the "Show Parameter Settings in Synthesis Report" option in "Analysis and Synthesis Settings -> More Settings" to "Off".


+----------------------------------------------------------------+
; Parameter Settings for User Entity Instance: igualazero:geraAz ;
+----------------+-------+---------------------------------------+
; Parameter Name ; Value ; Type                                  ;
+----------------+-------+---------------------------------------+
; n              ; 8     ; Signed Integer                        ;
+----------------+-------+---------------------------------------+
Note: In order to hide this table in the UI and the text report file, please set the "Show Parameter Settings in Synthesis Report" option in "Analysis and Synthesis Settings -> More Settings" to "Off".


+----------------------------------------------------------------+
; Parameter Settings for User Entity Instance: igualazero:geraBz ;
+----------------+-------+---------------------------------------+
; Parameter Name ; Value ; Type                                  ;
+----------------+-------+---------------------------------------+
; n              ; 8     ; Signed Integer                        ;
+----------------+-------+---------------------------------------+
Note: In order to hide this table in the UI and the text report file, please set the "Show Parameter Settings in Synthesis Report" option in "Analysis and Synthesis Settings -> More Settings" to "Off".


+------------------------------------------------------------------+
; Port Connectivity Checks: "somadorsubtrator:somasub|somador:SUM" ;
+------+-------+----------+----------------------------------------+
; Port ; Type  ; Severity ; Details                                ;
+------+-------+----------+----------------------------------------+
; cin  ; Input ; Info     ; Stuck at GND                           ;
+------+-------+----------+----------------------------------------+


+-----------------------------------------------+
; Port Connectivity Checks: "mux2para1:muxMult" ;
+------+-------+----------+---------------------+
; Port ; Type  ; Severity ; Details             ;
+------+-------+----------+---------------------+
; b    ; Input ; Info     ; Stuck at GND        ;
+------+-------+----------+---------------------+


+--------------------------------------------+
; Port Connectivity Checks: "mux2para1:muxB" ;
+---------+-------+----------+---------------+
; Port    ; Type  ; Severity ; Details       ;
+---------+-------+----------+---------------+
; b[7..4] ; Input ; Info     ; Stuck at GND  ;
+---------+-------+----------+---------------+


+----------------------------------------------+
; Port Connectivity Checks: "registrador:regA" ;
+---------+-------+----------+-----------------+
; Port    ; Type  ; Severity ; Details         ;
+---------+-------+----------+-----------------+
; d[7..4] ; Input ; Info     ; Stuck at GND    ;
+---------+-------+----------+-----------------+


+-------------------------------+
; Elapsed Time Per Partition    ;
+----------------+--------------+
; Partition Name ; Elapsed Time ;
+----------------+--------------+
; Top            ; 00:00:00     ;
+----------------+--------------+


+-------------------------------+
; Analysis & Synthesis Messages ;
+-------------------------------+
Info: *******************************************************************
Info: Running Quartus II 64-Bit Analysis & Synthesis
    Info: Version 13.0.1 Build 232 06/12/2013 Service Pack 1 SJ Web Edition
    Info: Processing started: Wed Jan 26 12:03:24 2022
Info: Command: quartus_map --read_settings_files=on --write_settings_files=off bo -c bo
Warning (20028): Parallel compilation is not licensed and has been disabled
Info (12021): Found 2 design units, including 1 entities, in source file somadorsubtrator.vhd
    Info (12022): Found design unit 1: somadorsubtrator-arch
    Info (12023): Found entity 1: somadorsubtrator
Info (12021): Found 2 design units, including 1 entities, in source file somador.vhd
    Info (12022): Found design unit 1: somador-arch
    Info (12023): Found entity 1: somador
Info (12021): Found 2 design units, including 1 entities, in source file registrador_r.vhd
    Info (12022): Found design unit 1: registrador_r-estrutura
    Info (12023): Found entity 1: registrador_r
Info (12021): Found 2 design units, including 1 entities, in source file registrador.vhd
    Info (12022): Found design unit 1: registrador-estrutura
    Info (12023): Found entity 1: registrador
Info (12021): Found 2 design units, including 1 entities, in source file mux2para1.vhd
    Info (12022): Found design unit 1: mux2para1-comportamento
    Info (12023): Found entity 1: mux2para1
Info (12021): Found 2 design units, including 1 entities, in source file igualazero.vhd
    Info (12022): Found design unit 1: igualazero-estrutura
    Info (12023): Found entity 1: igualazero
Info (12021): Found 2 design units, including 1 entities, in source file fulladder.vhd
    Info (12022): Found design unit 1: fulladder-arch
    Info (12023): Found entity 1: fulladder
Info (12021): Found 2 design units, including 1 entities, in source file checa_potencia.vhd
    Info (12022): Found design unit 1: checa_potencia-estrutura
    Info (12023): Found entity 1: checa_potencia
Info (12021): Found 2 design units, including 1 entities, in source file bo.vhd
    Info (12022): Found design unit 1: bo-estrutura
    Info (12023): Found entity 1: bo
Info (12127): Elaborating entity "bo" for the top level hierarchy
Warning (10540): VHDL Signal Declaration warning at bo.vhd(57): used explicit default value for signal "ZERO" because signal was never assigned a value
Warning (10540): VHDL Signal Declaration warning at bo.vhd(60): used explicit default value for signal "zero_um" because signal was never assigned a value
Info (12128): Elaborating entity "registrador" for hierarchy "registrador:regA"
Warning (10492): VHDL Process Statement warning at registrador.vhd(16): signal "carga" is read inside the Process Statement but isn't in the Process Statement's sensitivity list
Info (12128): Elaborating entity "mux2para1" for hierarchy "mux2para1:muxB"
Info (12128): Elaborating entity "checa_potencia" for hierarchy "checa_potencia:quantosZero"
Warning (10631): VHDL Process Statement warning at checa_potencia.vhd(15): inferring latch(es) for signal or variable "posicao", which holds its previous value in one or more paths through the process
Info (10041): Inferred latch for "posicao[0]" at checa_potencia.vhd(15)
Info (10041): Inferred latch for "posicao[1]" at checa_potencia.vhd(15)
Info (10041): Inferred latch for "posicao[2]" at checa_potencia.vhd(15)
Info (12128): Elaborating entity "somadorsubtrator" for hierarchy "somadorsubtrator:somasub"
Info (12128): Elaborating entity "somador" for hierarchy "somadorsubtrator:somasub|somador:SUM"
Info (12128): Elaborating entity "fulladder" for hierarchy "somadorsubtrator:somasub|somador:SUM|fulladder:\FA:0:FAi"
Info (12128): Elaborating entity "igualazero" for hierarchy "igualazero:geraAz"
Warning (10540): VHDL Signal Declaration warning at igualazero.vhd(13): used explicit default value for signal "testa_zero" because signal was never assigned a value
Warning (13012): Latch checa_potencia:quantosZero|posicao[2] has unsafe behavior
    Warning (13013): Ports D and ENA on the latch are fed by the same signal registrador:regB|q[4]
Warning (13012): Latch checa_potencia:quantosZero|posicao[1] has unsafe behavior
    Warning (13013): Ports D and ENA on the latch are fed by the same signal registrador:regB|q[6]
Warning (13012): Latch checa_potencia:quantosZero|posicao[0] has unsafe behavior
    Warning (13013): Ports D and ENA on the latch are fed by the same signal registrador:regB|q[1]
Warning (13024): Output pins are stuck at VCC or GND
    Warning (13410): Pin "mult[0]" is stuck at GND
    Warning (13410): Pin "mult[1]" is stuck at GND
    Warning (13410): Pin "mult[2]" is stuck at GND
    Warning (13410): Pin "mult[3]" is stuck at GND
    Warning (13410): Pin "mult[4]" is stuck at GND
    Warning (13410): Pin "mult[5]" is stuck at GND
    Warning (13410): Pin "mult[6]" is stuck at GND
    Warning (13410): Pin "mult[7]" is stuck at GND
Info (16010): Generating hard_block partition "hard_block:auto_generated_inst"
    Info (16011): Adding 0 node(s), including 0 DDIO, 0 PLL, 0 transceiver and 0 LCELL
Warning (21074): Design contains 2 input pin(s) that do not drive logic
    Warning (15610): No output dependent on input pin "mmult"
    Warning (15610): No output dependent on input pin "cmult"
Info (21057): Implemented 103 device resources after synthesis - the final resource count might be different
    Info (21058): Implemented 14 input pins
    Info (21059): Implemented 11 output pins
    Info (21061): Implemented 78 logic cells
Info: Quartus II 64-Bit Analysis & Synthesis was successful. 0 errors, 24 warnings
    Info: Peak virtual memory: 4638 megabytes
    Info: Processing ended: Wed Jan 26 12:03:26 2022
    Info: Elapsed time: 00:00:02
    Info: Total CPU time (on all processors): 00:00:02


